{
  "stats": {
    "suites": 1,
    "tests": 1,
    "passes": 1,
    "pending": 0,
    "failures": 0,
    "start": "2022-11-15T18:10:29.990Z",
    "end": "2022-11-15T18:10:45.298Z",
    "duration": 15308,
    "testsRegistered": 1,
    "passPercent": 100,
    "pendingPercent": 0,
    "other": 0,
    "hasOther": false,
    "skipped": 0,
    "hasSkipped": false
  },
  "results": [
    {
      "uuid": "71db47e2-456e-4302-9619-237885c7337c",
      "title": "",
      "fullFile": "cypress\\integration\\LearningCypressFramework\\FrameworkPart1.js",
      "file": "cypress\\integration\\LearningCypressFramework\\FrameworkPart1.js",
      "beforeHooks": [],
      "afterHooks": [],
      "tests": [],
      "suites": [
        {
          "uuid": "93168c1e-ff4e-46e4-b3da-47372d6d213f",
          "title": "My Hook method",
          "fullFile": "",
          "file": "",
          "beforeHooks": [],
          "afterHooks": [],
          "tests": [
            {
              "title": "Hook",
              "fullTitle": "My Hook method Hook",
              "timedOut": null,
              "duration": 11846,
              "state": "passed",
              "speed": "slow",
              "pass": true,
              "fail": false,
              "pending": false,
              "context": null,
              "code": "Cypress.config('defaultCommandTimeout', 8000);\nconst homePage = new _HomePage.default();\nconst productPage = new _Products.default();\ncy.visit(Cypress.env('url'));\nhomePage.getEditBox().type(this.data.name);\nhomePage.getGender().select(this.data.gender);\nhomePage.getTwoWayDataBinding().should('have.value', this.data.name);\nhomePage.getEditBox().should('have.attr', 'minlength', '2');\nhomePage.getEntrepreneurBtn().should('be.disabled');\nhomePage.getShopTab().click();\nthis.data.productName.forEach(function (element) {\n  cy.selectProduct(element);\n});\nproductPage.getCheckOutBtn().click();\nvar sum = 0;\ncy.get('tr td:nth-child(4) strong').each(($el, index, $list) => {\n  const amount = $el.text();\n  var result = amount.split(\" \");\n  result = result[1].trim();\n  sum = Number(sum) + Number(result);\n}).then(function () {\n  cy.log(sum);\n});\ncy.get('h3 strong').then(function (element) {\n  const amount = element.text();\n  var total = amount.split(\" \");\n  total = total[1].trim();\n  expect(Number(total)).to.equal(sum);\n});\nproductPage.getFinalCheckOutBtn().click();\nproductPage.getInputLocation().type(\"U\");\nproductPage.getUSALocaction().click();\nproductPage.getAgreeCheckBox().click();\nproductPage.getPurchsase().click(); // cy.get('.alert').should('have.text','Success! Thank you! Your order will be delivered in next few weeks :-).')\ncy.get('.alert').then(function (element) {// expect(element.includes(\"Success\")).to.be.true\n});",
              "err": {},
              "uuid": "bb081e3e-271b-4be4-8614-cb77b4fdd5af",
              "parentUUID": "93168c1e-ff4e-46e4-b3da-47372d6d213f",
              "isHook": false,
              "skipped": false
            }
          ],
          "suites": [],
          "passes": [
            "bb081e3e-271b-4be4-8614-cb77b4fdd5af"
          ],
          "failures": [],
          "pending": [],
          "skipped": [],
          "duration": 11846,
          "root": false,
          "rootEmpty": false,
          "_timeout": 2000
        }
      ],
      "passes": [],
      "failures": [],
      "pending": [],
      "skipped": [],
      "duration": 0,
      "root": true,
      "rootEmpty": true,
      "_timeout": 2000
    }
  ],
  "meta": {
    "mocha": {
      "version": "7.0.1"
    },
    "mochawesome": {
      "options": {
        "quiet": false,
        "reportFilename": "mochawesome",
        "saveHtml": true,
        "saveJson": true,
        "consoleReporter": "spec",
        "useInlineDiffs": false,
        "code": true
      },
      "version": "7.1.3"
    },
    "marge": {
      "options": null,
      "version": "6.2.0"
    }
  }
}